<?xml version="1.0" encoding="UTF-8"?>
<!-- Generated by org.testng.reporters.JUnitReportReporter -->
<testsuite hostname="Suji" failures="0" tests="1" name="RestAssuredPh3Project.EndToEndTests" time="4.589" errors="0" timestamp="13 Nov 2023 22:35:05 GMT" skipped="0">
  <testcase classname="RestAssuredPh3Project.EndToEndTests" name="testEndToEnd" time="4.589"/>
</testsuite> <!-- RestAssuredPh3Project.EndToEndTests -->
